g:\git\fpl\source\fpl\fpl_interpreter c++\debug\fpl_interpreter c++.pch
g:\git\fpl\source\fpl\fpl_interpreter c++\debug\vc141.pdb
g:\git\fpl\source\fpl\fpl_interpreter c++\debug\vc141.idb
g:\git\fpl\source\fpl\fpl_interpreter c++\debug\stdafx.obj
g:\git\fpl\source\fpl\fpl_interpreter c++\debug\fpl_interpreter.obj
g:\git\fpl\source\fpl\fpl_interpreter c++\debug\lexer.obj
g:\git\fpl\source\fpl\fpl_interpreter c++\debug\output.obj
g:\git\fpl\source\fpl\fpl_interpreter c++\debug\runner.obj
g:\git\fpl\source\fpl\debug\fpl_interpreter c++.ilk
g:\git\fpl\source\fpl\debug\fpl_interpreter c++.exe
g:\git\fpl\source\fpl\debug\fpl_interpreter c++.pdb
g:\git\fpl\source\fpl\fpl_interpreter c++\debug\fpl_interpreter c++.res
g:\git\fpl\source\fpl\fpl_interpreter c++\debug\fpl_inte.2c43b997.tlog\cl.command.1.tlog
g:\git\fpl\source\fpl\fpl_interpreter c++\debug\fpl_inte.2c43b997.tlog\cl.read.1.tlog
g:\git\fpl\source\fpl\fpl_interpreter c++\debug\fpl_inte.2c43b997.tlog\cl.write.1.tlog
g:\git\fpl\source\fpl\fpl_interpreter c++\debug\fpl_inte.2c43b997.tlog\link.command.1.tlog
g:\git\fpl\source\fpl\fpl_interpreter c++\debug\fpl_inte.2c43b997.tlog\link.read.1.tlog
g:\git\fpl\source\fpl\fpl_interpreter c++\debug\fpl_inte.2c43b997.tlog\link.write.1.tlog
g:\git\fpl\source\fpl\fpl_interpreter c++\debug\fpl_inte.2c43b997.tlog\rc.command.1.tlog
g:\git\fpl\source\fpl\fpl_interpreter c++\debug\fpl_inte.2c43b997.tlog\rc.read.1.tlog
g:\git\fpl\source\fpl\fpl_interpreter c++\debug\fpl_inte.2c43b997.tlog\rc.write.1.tlog
